<?xml version="1.0" encoding="UTF-8"?>
<!-- Generated by org.testng.reporters.JUnitXMLReporter -->
<testsuite ignored="3" hostname="DESKTOP-8RBRC1F" failures="0" tests="0" time="0.017" errors="0" timestamp="2024-09-25T19:09:15 IST">
  <testcase classname="org.Qspiders.mavenPractice.GooglePrac" name="testGoogle" time="0.0">
    <ignored/>
  </testcase> <!-- testGoogle -->
  <testcase classname="org.Qspiders.mavenPractice.OrangeHrmPrac" name="login" time="0.0">
    <ignored/>
  </testcase> <!-- login -->
  <testcase classname="org.Qspiders.mavenPractice.OrangeHrmPrac" name="clickingAdmin" time="0.0">
    <ignored/>
  </testcase> <!-- clickingAdmin -->
</testsuite>
